2023-10-15 23:00:43.7965|12|DEBUG|Microsoft.AspNetCore.Mvc.ModelBinding.ModelBinderFactory|Registered model binder providers, in the following order: Microsoft.AspNetCore.Mvc.ModelBinding.Binders.BinderTypeModelBinderProvider, Microsoft.AspNetCore.Mvc.ModelBinding.Binders.ServicesModelBinderProvider, Microsoft.AspNetCore.Mvc.ModelBinding.Binders.BodyModelBinderProvider, Microsoft.AspNetCore.Mvc.ModelBinding.Binders.HeaderModelBinderProvider, Microsoft.AspNetCore.Mvc.ModelBinding.Binders.FloatingPointTypeModelBinderProvider, Microsoft.AspNetCore.Mvc.ModelBinding.Binders.EnumTypeModelBinderProvider, Microsoft.AspNetCore.Mvc.ModelBinding.Binders.DateTimeModelBinderProvider, Microsoft.AspNetCore.Mvc.ModelBinding.Binders.SimpleTypeModelBinderProvider, Microsoft.AspNetCore.Mvc.ModelBinding.Binders.TryParseModelBinderProvider, Microsoft.AspNetCore.Mvc.ModelBinding.Binders.CancellationTokenModelBinderProvider, Microsoft.AspNetCore.Mvc.ModelBinding.Binders.ByteArrayModelBinderProvider, Microsoft.AspNetCore.Mvc.ModelBinding.Binders.FormFileModelBinderProvider, Microsoft.AspNetCore.Mvc.ModelBinding.Binders.FormCollectionModelBinderProvider, Microsoft.AspNetCore.Mvc.ModelBinding.Binders.KeyValuePairModelBinderProvider, Microsoft.AspNetCore.Mvc.ModelBinding.Binders.DictionaryModelBinderProvider, Microsoft.AspNetCore.Mvc.ModelBinding.Binders.ArrayModelBinderProvider, Microsoft.AspNetCore.Mvc.ModelBinding.Binders.CollectionModelBinderProvider, Microsoft.AspNetCore.Mvc.ModelBinding.Binders.ComplexObjectModelBinderProvider 
2023-10-15 23:00:43.9237|1|DEBUG|Microsoft.Extensions.Hosting.Internal.Host|Hosting starting 
2023-10-15 23:00:43.9333|63|INFO|Microsoft.AspNetCore.DataProtection.KeyManagement.XmlKeyManager|User profile is available. Using 'C:\Users\user\AppData\Local\ASP.NET\DataProtection-Keys' as key repository and Windows DPAPI to encrypt keys at rest. 
2023-10-15 23:00:43.9333|53|DEBUG|Microsoft.AspNetCore.DataProtection.KeyManagement.DefaultKeyResolver|Repository contains no viable default key. Caller should generate a key with immediate activation. 
2023-10-15 23:00:43.9333|57|DEBUG|Microsoft.AspNetCore.DataProtection.KeyManagement.KeyRingProvider|Policy resolution states that a new key should be added to the key ring. 
2023-10-15 23:00:43.9333|58|INFO|Microsoft.AspNetCore.DataProtection.KeyManagement.XmlKeyManager|Creating key {04225d81-604f-4a56-ae92-ed39037cf040} with creation date 2023-10-15 21:00:43Z, activation date 2023-10-15 21:00:43Z, and expiration date 2024-01-13 21:00:43Z. 
2023-10-15 23:00:43.9495|32|DEBUG|Microsoft.AspNetCore.DataProtection.KeyManagement.XmlKeyManager|Descriptor deserializer type for key {04225d81-604f-4a56-ae92-ed39037cf040} is 'Microsoft.AspNetCore.DataProtection.AuthenticatedEncryption.ConfigurationModel.AuthenticatedEncryptorDescriptorDeserializer, Microsoft.AspNetCore.DataProtection, Version=7.0.0.0, Culture=neutral, PublicKeyToken=adb9793829ddae60'. 
2023-10-15 23:00:43.9495|34|DEBUG|Microsoft.AspNetCore.DataProtection.KeyManagement.XmlKeyManager|No key escrow sink found. Not writing key {04225d81-604f-4a56-ae92-ed39037cf040} to escrow. 
2023-10-15 23:00:43.9495|26|DEBUG|Microsoft.AspNetCore.DataProtection.XmlEncryption.DpapiXmlEncryptor|Encrypting to Windows DPAPI for current user account (DESKTOP-IG3QND3\user). 
2023-10-15 23:00:43.9611|39|INFO|Microsoft.AspNetCore.DataProtection.Repositories.FileSystemXmlRepository|Writing data to file 'C:\Users\user\AppData\Local\ASP.NET\DataProtection-Keys\key-04225d81-604f-4a56-ae92-ed39037cf040.xml'. 
2023-10-15 23:00:43.9611|23|DEBUG|Microsoft.AspNetCore.DataProtection.KeyManagement.XmlKeyManager|Key cache expiration token triggered by 'CreateNewKey' operation. 
2023-10-15 23:00:43.9611|37|DEBUG|Microsoft.AspNetCore.DataProtection.Repositories.FileSystemXmlRepository|Reading data from file 'C:\Users\user\AppData\Local\ASP.NET\DataProtection-Keys\key-04225d81-604f-4a56-ae92-ed39037cf040.xml'. 
2023-10-15 23:00:43.9611|18|DEBUG|Microsoft.AspNetCore.DataProtection.KeyManagement.XmlKeyManager|Found key {04225d81-604f-4a56-ae92-ed39037cf040}. 
2023-10-15 23:00:43.9788|13|DEBUG|Microsoft.AspNetCore.DataProtection.KeyManagement.DefaultKeyResolver|Considering key {04225d81-604f-4a56-ae92-ed39037cf040} with expiration date 2024-01-13 21:00:43Z as default key. 
2023-10-15 23:00:43.9788|0|DEBUG|Microsoft.AspNetCore.DataProtection.TypeForwardingActivator|Forwarded activator type request from Microsoft.AspNetCore.DataProtection.XmlEncryption.DpapiXmlDecryptor, Microsoft.AspNetCore.DataProtection, Version=7.0.0.0, Culture=neutral, PublicKeyToken=adb9793829ddae60 to Microsoft.AspNetCore.DataProtection.XmlEncryption.DpapiXmlDecryptor, Microsoft.AspNetCore.DataProtection, Culture=neutral, PublicKeyToken=adb9793829ddae60 
2023-10-15 23:00:43.9788|51|DEBUG|Microsoft.AspNetCore.DataProtection.XmlEncryption.DpapiXmlDecryptor|Decrypting secret element using Windows DPAPI. 
2023-10-15 23:00:43.9788|0|DEBUG|Microsoft.AspNetCore.DataProtection.TypeForwardingActivator|Forwarded activator type request from Microsoft.AspNetCore.DataProtection.AuthenticatedEncryption.ConfigurationModel.AuthenticatedEncryptorDescriptorDeserializer, Microsoft.AspNetCore.DataProtection, Version=7.0.0.0, Culture=neutral, PublicKeyToken=adb9793829ddae60 to Microsoft.AspNetCore.DataProtection.AuthenticatedEncryption.ConfigurationModel.AuthenticatedEncryptorDescriptorDeserializer, Microsoft.AspNetCore.DataProtection, Culture=neutral, PublicKeyToken=adb9793829ddae60 
2023-10-15 23:00:43.9788|4|DEBUG|Microsoft.AspNetCore.DataProtection.AuthenticatedEncryption.CngCbcAuthenticatedEncryptorFactory|Opening CNG algorithm 'AES' from provider '(null)' with chaining mode CBC. 
2023-10-15 23:00:43.9788|3|DEBUG|Microsoft.AspNetCore.DataProtection.AuthenticatedEncryption.CngCbcAuthenticatedEncryptorFactory|Opening CNG algorithm 'SHA256' from provider '(null)' with HMAC. 
2023-10-15 23:00:43.9788|2|DEBUG|Microsoft.AspNetCore.DataProtection.KeyManagement.KeyRingProvider|Using key {04225d81-604f-4a56-ae92-ed39037cf040} as the default key. 
2023-10-15 23:00:43.9788|65|DEBUG|Microsoft.AspNetCore.DataProtection.Internal.DataProtectionHostedService|Key ring with default key {04225d81-604f-4a56-ae92-ed39037cf040} was loaded during application startup. 
2023-10-15 23:00:44.0980|14|INFO|Microsoft.Hosting.Lifetime|Now listening on: http://localhost:5029 
2023-10-15 23:00:44.0980|13|DEBUG|Microsoft.AspNetCore.Hosting.Diagnostics|Loaded hosting startup assembly wBialy 
2023-10-15 23:00:44.0980|0|INFO|Microsoft.Hosting.Lifetime|Application started. Press Ctrl+C to shut down. 
2023-10-15 23:00:44.0980|0|INFO|Microsoft.Hosting.Lifetime|Hosting environment: Development 
2023-10-15 23:00:44.0980|0|INFO|Microsoft.Hosting.Lifetime|Content root path: F:\GitHub\wBialy\backend 
2023-10-15 23:00:44.0980|2|DEBUG|Microsoft.Extensions.Hosting.Internal.Host|Hosting started 
2023-10-15 23:00:44.2610|39|DEBUG|Microsoft.AspNetCore.Server.Kestrel.Connections|Connection id "0HMUDO764CT6D" accepted. 
2023-10-15 23:00:44.2610|1|DEBUG|Microsoft.AspNetCore.Server.Kestrel.Connections|Connection id "0HMUDO764CT6D" started. 
2023-10-15 23:00:44.2980|39|DEBUG|Microsoft.AspNetCore.Server.Kestrel.Connections|Connection id "0HMUDO764CT6E" accepted. 
2023-10-15 23:00:44.2980|1|DEBUG|Microsoft.AspNetCore.Server.Kestrel.Connections|Connection id "0HMUDO764CT6E" started. 
2023-10-15 23:00:44.3085|1|INFO|Microsoft.AspNetCore.Hosting.Diagnostics|Request starting HTTP/1.1 GET http://localhost:5029/swagger - - 
2023-10-15 23:00:44.3085|0|DEBUG|Microsoft.AspNetCore.HostFiltering.HostFilteringMiddleware|Wildcard detected, all requests with hosts will be allowed. 
2023-10-15 23:00:44.3085|2|TRACE|Microsoft.AspNetCore.HostFiltering.HostFilteringMiddleware|All hosts are allowed. 
2023-10-15 23:00:44.3300|1000|DEBUG|Microsoft.AspNetCore.Routing.Matching.DfaMatcher|No candidates found for the request path '/swagger' 
2023-10-15 23:00:44.3300|2|DEBUG|Microsoft.AspNetCore.Routing.EndpointRoutingMiddleware|Request did not match any endpoints 
2023-10-15 23:00:44.3727|9|DEBUG|Microsoft.AspNetCore.Server.Kestrel.Connections|Connection id "0HMUDO764CT6D" completed keep alive response. 
2023-10-15 23:00:44.3727|2|INFO|Microsoft.AspNetCore.Hosting.Diagnostics|Request finished HTTP/1.1 GET http://localhost:5029/swagger - - - 301 0 - 66.4215ms 
2023-10-15 23:00:44.3727|1|INFO|Microsoft.AspNetCore.Hosting.Diagnostics|Request starting HTTP/1.1 GET http://localhost:5029/swagger/index.html - - 
2023-10-15 23:00:44.3727|2|TRACE|Microsoft.AspNetCore.HostFiltering.HostFilteringMiddleware|All hosts are allowed. 
2023-10-15 23:00:44.3727|1000|DEBUG|Microsoft.AspNetCore.Routing.Matching.DfaMatcher|No candidates found for the request path '/swagger/index.html' 
2023-10-15 23:00:44.3727|2|DEBUG|Microsoft.AspNetCore.Routing.EndpointRoutingMiddleware|Request did not match any endpoints 
2023-10-15 23:00:44.4606|9|DEBUG|Microsoft.AspNetCore.Server.Kestrel.Connections|Connection id "0HMUDO764CT6D" completed keep alive response. 
2023-10-15 23:00:44.4606|2|INFO|Microsoft.AspNetCore.Hosting.Diagnostics|Request finished HTTP/1.1 GET http://localhost:5029/swagger/index.html - - - 200 - text/html;charset=utf-8 80.3563ms 
2023-10-15 23:00:44.4804|1|INFO|Microsoft.AspNetCore.Hosting.Diagnostics|Request starting HTTP/1.1 GET http://localhost:5029/swagger/swagger-ui.css - - 
2023-10-15 23:00:44.4804|2|TRACE|Microsoft.AspNetCore.HostFiltering.HostFilteringMiddleware|All hosts are allowed. 
2023-10-15 23:00:44.4804|1000|DEBUG|Microsoft.AspNetCore.Routing.Matching.DfaMatcher|No candidates found for the request path '/swagger/swagger-ui.css' 
2023-10-15 23:00:44.4804|2|DEBUG|Microsoft.AspNetCore.Routing.EndpointRoutingMiddleware|Request did not match any endpoints 
2023-10-15 23:00:44.4804|0|TRACE|Microsoft.AspNetCore.StaticFiles.StaticFileMiddleware|Range header's value is empty. 
2023-10-15 23:00:44.4804|1|INFO|Microsoft.AspNetCore.Hosting.Diagnostics|Request starting HTTP/1.1 GET http://localhost:5029/swagger/swagger-ui-bundle.js - - 
2023-10-15 23:00:44.4804|2|TRACE|Microsoft.AspNetCore.HostFiltering.HostFilteringMiddleware|All hosts are allowed. 
2023-10-15 23:00:44.4804|39|DEBUG|Microsoft.AspNetCore.Server.Kestrel.Connections|Connection id "0HMUDO764CT6F" accepted. 
2023-10-15 23:00:44.4804|1000|DEBUG|Microsoft.AspNetCore.Routing.Matching.DfaMatcher|No candidates found for the request path '/swagger/swagger-ui-bundle.js' 
2023-10-15 23:00:44.4804|2|DEBUG|Microsoft.AspNetCore.Routing.EndpointRoutingMiddleware|Request did not match any endpoints 
2023-10-15 23:00:44.4804|1|DEBUG|Microsoft.AspNetCore.Server.Kestrel.Connections|Connection id "0HMUDO764CT6F" started. 
2023-10-15 23:00:44.4804|1|INFO|Microsoft.AspNetCore.Hosting.Diagnostics|Request starting HTTP/1.1 GET http://localhost:5029/swagger/swagger-ui-standalone-preset.js - - 
2023-10-15 23:00:44.4804|2|TRACE|Microsoft.AspNetCore.HostFiltering.HostFilteringMiddleware|All hosts are allowed. 
2023-10-15 23:00:44.4804|1000|DEBUG|Microsoft.AspNetCore.Routing.Matching.DfaMatcher|No candidates found for the request path '/swagger/swagger-ui-standalone-preset.js' 
2023-10-15 23:00:44.4804|2|DEBUG|Microsoft.AspNetCore.Routing.EndpointRoutingMiddleware|Request did not match any endpoints 
2023-10-15 23:00:44.4804|0|TRACE|Microsoft.AspNetCore.StaticFiles.StaticFileMiddleware|Range header's value is empty. 
2023-10-15 23:00:44.4804|0|TRACE|Microsoft.AspNetCore.StaticFiles.StaticFileMiddleware|Range header's value is empty. 
2023-10-15 23:00:44.4997|2|INFO|Microsoft.AspNetCore.StaticFiles.StaticFileMiddleware|Sending file. Request path: '/swagger-ui-standalone-preset.js'. Physical path: 'N/A' 
2023-10-15 23:00:44.4997|2|INFO|Microsoft.AspNetCore.StaticFiles.StaticFileMiddleware|Sending file. Request path: '/swagger-ui.css'. Physical path: 'N/A' 
2023-10-15 23:00:44.4997|2|INFO|Microsoft.AspNetCore.StaticFiles.StaticFileMiddleware|Sending file. Request path: '/swagger-ui-bundle.js'. Physical path: 'N/A' 
2023-10-15 23:00:44.4997|9|DEBUG|Microsoft.AspNetCore.Server.Kestrel.Connections|Connection id "0HMUDO764CT6D" completed keep alive response. 
2023-10-15 23:00:44.4997|9|DEBUG|Microsoft.AspNetCore.Server.Kestrel.Connections|Connection id "0HMUDO764CT6E" completed keep alive response. 
2023-10-15 23:00:44.4997|9|DEBUG|Microsoft.AspNetCore.Server.Kestrel.Connections|Connection id "0HMUDO764CT6F" completed keep alive response. 
2023-10-15 23:00:44.4997|2|INFO|Microsoft.AspNetCore.Hosting.Diagnostics|Request finished HTTP/1.1 GET http://localhost:5029/swagger/swagger-ui.css - - - 200 143943 text/css 21.6745ms 
2023-10-15 23:00:44.4997|2|INFO|Microsoft.AspNetCore.Hosting.Diagnostics|Request finished HTTP/1.1 GET http://localhost:5029/swagger/swagger-ui-bundle.js - - - 200 1096145 text/javascript 11.2215ms 
2023-10-15 23:00:44.4997|2|INFO|Microsoft.AspNetCore.Hosting.Diagnostics|Request finished HTTP/1.1 GET http://localhost:5029/swagger/swagger-ui-standalone-preset.js - - - 200 339486 text/javascript 10.8391ms 
2023-10-15 23:00:44.6481|1|INFO|Microsoft.AspNetCore.Hosting.Diagnostics|Request starting HTTP/1.1 GET http://localhost:5029/swagger/v1/swagger.json - - 
2023-10-15 23:00:44.6481|2|TRACE|Microsoft.AspNetCore.HostFiltering.HostFilteringMiddleware|All hosts are allowed. 
2023-10-15 23:00:44.6481|1000|DEBUG|Microsoft.AspNetCore.Routing.Matching.DfaMatcher|No candidates found for the request path '/swagger/v1/swagger.json' 
2023-10-15 23:00:44.6481|2|DEBUG|Microsoft.AspNetCore.Routing.EndpointRoutingMiddleware|Request did not match any endpoints 
2023-10-15 23:00:44.6611|1|INFO|Microsoft.AspNetCore.Hosting.Diagnostics|Request starting HTTP/1.1 GET http://localhost:5029/swagger/favicon-32x32.png - - 
2023-10-15 23:00:44.6611|2|TRACE|Microsoft.AspNetCore.HostFiltering.HostFilteringMiddleware|All hosts are allowed. 
2023-10-15 23:00:44.6611|1000|DEBUG|Microsoft.AspNetCore.Routing.Matching.DfaMatcher|No candidates found for the request path '/swagger/favicon-32x32.png' 
2023-10-15 23:00:44.6611|2|DEBUG|Microsoft.AspNetCore.Routing.EndpointRoutingMiddleware|Request did not match any endpoints 
2023-10-15 23:00:44.6611|0|TRACE|Microsoft.AspNetCore.StaticFiles.StaticFileMiddleware|Range header's value is empty. 
2023-10-15 23:00:44.6611|2|INFO|Microsoft.AspNetCore.StaticFiles.StaticFileMiddleware|Sending file. Request path: '/favicon-32x32.png'. Physical path: 'N/A' 
2023-10-15 23:00:44.6611|9|DEBUG|Microsoft.AspNetCore.Server.Kestrel.Connections|Connection id "0HMUDO764CT6F" completed keep alive response. 
2023-10-15 23:00:44.6611|2|INFO|Microsoft.AspNetCore.Hosting.Diagnostics|Request finished HTTP/1.1 GET http://localhost:5029/swagger/favicon-32x32.png - - - 200 628 image/png 0.4767ms 
2023-10-15 23:00:44.7708|9|DEBUG|Microsoft.AspNetCore.Server.Kestrel.Connections|Connection id "0HMUDO764CT6E" completed keep alive response. 
2023-10-15 23:00:44.7708|2|INFO|Microsoft.AspNetCore.Hosting.Diagnostics|Request finished HTTP/1.1 GET http://localhost:5029/swagger/v1/swagger.json - - - 200 - application/json;charset=utf-8 122.7510ms 
2023-10-15 23:00:59.4257|0|INFO|Microsoft.Hosting.Lifetime|Application is shutting down... 
2023-10-15 23:00:59.4257|3|DEBUG|Microsoft.Extensions.Hosting.Internal.Host|Hosting stopping 
2023-10-15 23:00:59.4396|10|DEBUG|Microsoft.AspNetCore.Server.Kestrel.Connections|Connection id "0HMUDO764CT6E" disconnecting. 
2023-10-15 23:00:59.4396|10|DEBUG|Microsoft.AspNetCore.Server.Kestrel.Connections|Connection id "0HMUDO764CT6D" disconnecting. 
2023-10-15 23:00:59.4396|10|DEBUG|Microsoft.AspNetCore.Server.Kestrel.Connections|Connection id "0HMUDO764CT6F" disconnecting. 
2023-10-15 23:00:59.4396|2|DEBUG|Microsoft.AspNetCore.Server.Kestrel.Connections|Connection id "0HMUDO764CT6E" stopped. 
2023-10-15 23:00:59.4396|2|DEBUG|Microsoft.AspNetCore.Server.Kestrel.Connections|Connection id "0HMUDO764CT6D" stopped. 
2023-10-15 23:00:59.4396|2|DEBUG|Microsoft.AspNetCore.Server.Kestrel.Connections|Connection id "0HMUDO764CT6F" stopped. 
2023-10-15 23:00:59.4396|7|DEBUG|Microsoft.AspNetCore.Server.Kestrel.Transport.Sockets|Connection id "0HMUDO764CT6D" sending FIN because: "The Socket transport's send loop completed gracefully." 
2023-10-15 23:00:59.4396|7|DEBUG|Microsoft.AspNetCore.Server.Kestrel.Transport.Sockets|Connection id "0HMUDO764CT6E" sending FIN because: "The Socket transport's send loop completed gracefully." 
2023-10-15 23:00:59.4396|7|DEBUG|Microsoft.AspNetCore.Server.Kestrel.Transport.Sockets|Connection id "0HMUDO764CT6F" sending FIN because: "The Socket transport's send loop completed gracefully." 
2023-10-15 23:00:59.4476|4|DEBUG|Microsoft.Extensions.Hosting.Internal.Host|Hosting stopped 
